This file contains any messages produced by compilers while
running configure, to aid debugging if configure makes a mistake.

It was created by configure, which was
generated by GNU Autoconf 2.59.  Invocation command line was

  $ ./configure 

## --------- ##
## Platform. ##
## --------- ##

hostname = avardar
uname -m = i686
uname -r = 2.6.20
uname -s = Linux
uname -v = #1 SMP PREEMPT Mon Feb 5 22:21:23 CET 2007

/usr/bin/uname -p = pentium3
/bin/uname -X     = unknown

/bin/arch              = i686
/usr/bin/arch -k       = unknown
/usr/convex/getsysinfo = unknown
hostinfo               = unknown
/bin/machine           = unknown
/usr/bin/oslevel       = unknown
/bin/universe          = unknown

PATH: /usr/local/sbin
PATH: /usr/sbin
PATH: /sbin
PATH: /usr/local/bin
PATH: /usr/bin
PATH: /bin
PATH: /usr/games/bin
PATH: /usr/lib/qt/bin


## ----------- ##
## Core tests. ##
## ----------- ##

configure:1339: checking for a BSD-compatible install
configure:1394: result: /usr/bin/ginstall -c
configure:1405: checking whether build environment is sane
configure:1448: result: yes
configure:1513: checking for gawk
configure:1529: found /usr/bin/gawk
configure:1539: result: gawk
configure:1549: checking whether make sets $(MAKE)
configure:1569: result: yes
configure:1739: checking whether to enable maintainer-specific portions of Makefiles
configure:1748: result: no
configure:1776: checking for style of include used by make
configure:1804: result: GNU
configure:1875: checking for gcc
configure:1891: found /usr/bin/gcc
configure:1901: result: gcc
configure:2145: checking for C compiler version
configure:2148: gcc --version </dev/null >&5
gcc (GCC) 3.4.6
Copyright (C) 2006 Free Software Foundation, Inc.
This is free software; see the source for copying conditions.  There is NO
warranty; not even for MERCHANTABILITY or FITNESS FOR A PARTICULAR PURPOSE.

configure:2151: $? = 0
configure:2153: gcc -v </dev/null >&5
Reading specs from /usr/lib/gcc/i486-slackware-linux/3.4.6/specs
Configured with: ../gcc-3.4.6/configure --prefix=/usr --enable-shared --enable-threads=posix --enable-__cxa_atexit --disable-checking --with-gnu-ld --verbose --target=i486-slackware-linux --host=i486-slackware-linux
Thread model: posix
gcc version 3.4.6
configure:2156: $? = 0
configure:2158: gcc -V </dev/null >&5
gcc: `-V' option must have argument
configure:2161: $? = 1
configure:2184: checking for C compiler default output file name
configure:2187: gcc    conftest.c  >&5
configure:2190: $? = 0
configure:2236: result: a.out
configure:2241: checking whether the C compiler works
configure:2247: ./a.out
configure:2250: $? = 0
configure:2267: result: yes
configure:2274: checking whether we are cross compiling
configure:2276: result: no
configure:2279: checking for suffix of executables
configure:2281: gcc -o conftest    conftest.c  >&5
configure:2284: $? = 0
configure:2309: result: 
configure:2315: checking for suffix of object files
configure:2336: gcc -c   conftest.c >&5
configure:2339: $? = 0
configure:2361: result: o
configure:2365: checking whether we are using the GNU C compiler
configure:2389: gcc -c   conftest.c >&5
configure:2395: $? = 0
configure:2398: test -z 			 || test ! -s conftest.err
configure:2401: $? = 0
configure:2404: test -s conftest.o
configure:2407: $? = 0
configure:2420: result: yes
configure:2426: checking whether gcc accepts -g
configure:2447: gcc -c -g  conftest.c >&5
configure:2453: $? = 0
configure:2456: test -z 			 || test ! -s conftest.err
configure:2459: $? = 0
configure:2462: test -s conftest.o
configure:2465: $? = 0
configure:2476: result: yes
configure:2493: checking for gcc option to accept ANSI C
configure:2563: gcc  -c -g -O2  conftest.c >&5
configure:2569: $? = 0
configure:2572: test -z 			 || test ! -s conftest.err
configure:2575: $? = 0
configure:2578: test -s conftest.o
configure:2581: $? = 0
configure:2599: result: none needed
configure:2617: gcc -c -g -O2  conftest.c >&5
conftest.c:2: error: syntax error before "me"
configure:2623: $? = 1
configure: failed program was:
| #ifndef __cplusplus
|   choke me
| #endif
configure:2755: checking dependency style of gcc
configure:2845: result: gcc3
configure:2863: checking for library containing strerror
configure:2893: gcc -o conftest -g -O2   conftest.c  >&5
configure:2899: $? = 0
configure:2902: test -z 			 || test ! -s conftest.err
configure:2905: $? = 0
configure:2908: test -s conftest
configure:2911: $? = 0
configure:2980: result: none required
configure:3033: checking for gcc
configure:3059: result: gcc
configure:3303: checking for C compiler version
configure:3306: gcc --version </dev/null >&5
gcc (GCC) 3.4.6
Copyright (C) 2006 Free Software Foundation, Inc.
This is free software; see the source for copying conditions.  There is NO
warranty; not even for MERCHANTABILITY or FITNESS FOR A PARTICULAR PURPOSE.

configure:3309: $? = 0
configure:3311: gcc -v </dev/null >&5
Reading specs from /usr/lib/gcc/i486-slackware-linux/3.4.6/specs
Configured with: ../gcc-3.4.6/configure --prefix=/usr --enable-shared --enable-threads=posix --enable-__cxa_atexit --disable-checking --with-gnu-ld --verbose --target=i486-slackware-linux --host=i486-slackware-linux
Thread model: posix
gcc version 3.4.6
configure:3314: $? = 0
configure:3316: gcc -V </dev/null >&5
gcc: `-V' option must have argument
configure:3319: $? = 1
configure:3322: checking whether we are using the GNU C compiler
configure:3377: result: yes
configure:3383: checking whether gcc accepts -g
configure:3433: result: yes
configure:3450: checking for gcc option to accept ANSI C
configure:3556: result: none needed
configure:3574: gcc -c -g -O2  conftest.c >&5
conftest.c:2: error: syntax error before "me"
configure:3580: $? = 1
configure: failed program was:
| #ifndef __cplusplus
|   choke me
| #endif
configure:3712: checking dependency style of gcc
configure:3802: result: gcc3
configure:3865: checking for gcc
configure:3891: result: gcc
configure:4135: checking for C compiler version
configure:4138: gcc --version </dev/null >&5
gcc (GCC) 3.4.6
Copyright (C) 2006 Free Software Foundation, Inc.
This is free software; see the source for copying conditions.  There is NO
warranty; not even for MERCHANTABILITY or FITNESS FOR A PARTICULAR PURPOSE.

configure:4141: $? = 0
configure:4143: gcc -v </dev/null >&5
Reading specs from /usr/lib/gcc/i486-slackware-linux/3.4.6/specs
Configured with: ../gcc-3.4.6/configure --prefix=/usr --enable-shared --enable-threads=posix --enable-__cxa_atexit --disable-checking --with-gnu-ld --verbose --target=i486-slackware-linux --host=i486-slackware-linux
Thread model: posix
gcc version 3.4.6
configure:4146: $? = 0
configure:4148: gcc -V </dev/null >&5
gcc: `-V' option must have argument
configure:4151: $? = 1
configure:4154: checking whether we are using the GNU C compiler
configure:4209: result: yes
configure:4215: checking whether gcc accepts -g
configure:4265: result: yes
configure:4282: checking for gcc option to accept ANSI C
configure:4388: result: none needed
configure:4406: gcc -c -g -O2  conftest.c >&5
conftest.c:2: error: syntax error before "me"
configure:4412: $? = 1
configure: failed program was:
| #ifndef __cplusplus
|   choke me
| #endif
configure:4544: checking dependency style of gcc
configure:4634: result: gcc3
configure:4659: checking how to run the C preprocessor
configure:4694: gcc -E  conftest.c
configure:4700: $? = 0
configure:4732: gcc -E  conftest.c
conftest.c:11:28: ac_nonexistent.h: No such file or directory
configure:4738: $? = 1
configure: failed program was:
| /* confdefs.h.  */
| 
| #define PACKAGE_NAME ""
| #define PACKAGE_TARNAME ""
| #define PACKAGE_VERSION ""
| #define PACKAGE_STRING ""
| #define PACKAGE_BUGREPORT ""
| #define PACKAGE "qvwm-run"
| #define VERSION "0.1"
| /* end confdefs.h.  */
| #include <ac_nonexistent.h>
configure:4777: result: gcc -E
configure:4801: gcc -E  conftest.c
configure:4807: $? = 0
configure:4839: gcc -E  conftest.c
conftest.c:11:28: ac_nonexistent.h: No such file or directory
configure:4845: $? = 1
configure: failed program was:
| /* confdefs.h.  */
| 
| #define PACKAGE_NAME ""
| #define PACKAGE_TARNAME ""
| #define PACKAGE_VERSION ""
| #define PACKAGE_STRING ""
| #define PACKAGE_BUGREPORT ""
| #define PACKAGE "qvwm-run"
| #define VERSION "0.1"
| /* end confdefs.h.  */
| #include <ac_nonexistent.h>
configure:4889: checking for egrep
configure:4899: result: grep -E
configure:4904: checking for ANSI C header files
configure:4929: gcc -c -g -O2  conftest.c >&5
configure:4935: $? = 0
configure:4938: test -z 			 || test ! -s conftest.err
configure:4941: $? = 0
configure:4944: test -s conftest.o
configure:4947: $? = 0
configure:5036: gcc -o conftest -g -O2   conftest.c  >&5
configure:5039: $? = 0
configure:5041: ./conftest
configure:5044: $? = 0
configure:5059: result: yes
configure:5077: checking for pkg-config
configure:5095: found /usr/bin/pkg-config
configure:5108: result: /usr/bin/pkg-config
configure:5125: checking for gtk+-2.0 >= 2.0.0
configure:5129: result: yes
configure:5133: checking PACKAGE_CFLAGS
configure:5136: result: -I/usr/include/gtk-2.0 -I/usr/lib/gtk-2.0/include -I/usr/include/atk-1.0 -I/usr/include/cairo -I/usr/include/pango-1.0 -I/usr/include/glib-2.0 -I/usr/lib/glib-2.0/include  
configure:5139: checking PACKAGE_LIBS
configure:5142: result: -lgtk-x11-2.0 -lgdk-x11-2.0 -latk-1.0 -lgdk_pixbuf-2.0 -lm -lpangocairo-1.0 -lpango-1.0 -lcairo -lgobject-2.0 -lgmodule-2.0 -ldl -lglib-2.0  
configure:5194: checking for sys/types.h
configure:5210: gcc -c -g -O2  conftest.c >&5
configure:5216: $? = 0
configure:5219: test -z 			 || test ! -s conftest.err
configure:5222: $? = 0
configure:5225: test -s conftest.o
configure:5228: $? = 0
configure:5239: result: yes
configure:5194: checking for sys/stat.h
configure:5210: gcc -c -g -O2  conftest.c >&5
configure:5216: $? = 0
configure:5219: test -z 			 || test ! -s conftest.err
configure:5222: $? = 0
configure:5225: test -s conftest.o
configure:5228: $? = 0
configure:5239: result: yes
configure:5194: checking for stdlib.h
configure:5210: gcc -c -g -O2  conftest.c >&5
configure:5216: $? = 0
configure:5219: test -z 			 || test ! -s conftest.err
configure:5222: $? = 0
configure:5225: test -s conftest.o
configure:5228: $? = 0
configure:5239: result: yes
configure:5194: checking for string.h
configure:5210: gcc -c -g -O2  conftest.c >&5
configure:5216: $? = 0
configure:5219: test -z 			 || test ! -s conftest.err
configure:5222: $? = 0
configure:5225: test -s conftest.o
configure:5228: $? = 0
configure:5239: result: yes
configure:5194: checking for memory.h
configure:5210: gcc -c -g -O2  conftest.c >&5
configure:5216: $? = 0
configure:5219: test -z 			 || test ! -s conftest.err
configure:5222: $? = 0
configure:5225: test -s conftest.o
configure:5228: $? = 0
configure:5239: result: yes
configure:5194: checking for strings.h
configure:5210: gcc -c -g -O2  conftest.c >&5
configure:5216: $? = 0
configure:5219: test -z 			 || test ! -s conftest.err
configure:5222: $? = 0
configure:5225: test -s conftest.o
configure:5228: $? = 0
configure:5239: result: yes
configure:5194: checking for inttypes.h
configure:5210: gcc -c -g -O2  conftest.c >&5
configure:5216: $? = 0
configure:5219: test -z 			 || test ! -s conftest.err
configure:5222: $? = 0
configure:5225: test -s conftest.o
configure:5228: $? = 0
configure:5239: result: yes
configure:5194: checking for stdint.h
configure:5210: gcc -c -g -O2  conftest.c >&5
configure:5216: $? = 0
configure:5219: test -z 			 || test ! -s conftest.err
configure:5222: $? = 0
configure:5225: test -s conftest.o
configure:5228: $? = 0
configure:5239: result: yes
configure:5194: checking for unistd.h
configure:5210: gcc -c -g -O2  conftest.c >&5
configure:5216: $? = 0
configure:5219: test -z 			 || test ! -s conftest.err
configure:5222: $? = 0
configure:5225: test -s conftest.o
configure:5228: $? = 0
configure:5239: result: yes
configure:5266: checking locale.h usability
configure:5278: gcc -c -g -O2  conftest.c >&5
configure:5284: $? = 0
configure:5287: test -z 			 || test ! -s conftest.err
configure:5290: $? = 0
configure:5293: test -s conftest.o
configure:5296: $? = 0
configure:5306: result: yes
configure:5310: checking locale.h presence
configure:5320: gcc -E  conftest.c
configure:5326: $? = 0
configure:5346: result: yes
configure:5381: checking for locale.h
configure:5388: result: yes
configure:5402: checking for LC_MESSAGES
configure:5423: gcc -o conftest -g -O2   conftest.c  >&5
configure:5429: $? = 0
configure:5432: test -z 			 || test ! -s conftest.err
configure:5435: $? = 0
configure:5438: test -s conftest
configure:5441: $? = 0
configure:5453: result: yes
configure:5482: checking libintl.h usability
configure:5494: gcc -c -g -O2  conftest.c >&5
configure:5500: $? = 0
configure:5503: test -z 			 || test ! -s conftest.err
configure:5506: $? = 0
configure:5509: test -s conftest.o
configure:5512: $? = 0
configure:5522: result: yes
configure:5526: checking libintl.h presence
configure:5536: gcc -E  conftest.c
configure:5542: $? = 0
configure:5562: result: yes
configure:5597: checking for libintl.h
configure:5604: result: yes
configure:5615: checking for ngettext in libc
configure:5638: gcc -o conftest -g -O2   conftest.c  >&5
configure:5644: $? = 0
configure:5647: test -z 			 || test ! -s conftest.err
configure:5650: $? = 0
configure:5653: test -s conftest
configure:5656: $? = 0
configure:5669: result: yes
configure:5673: checking for dgettext in libc
configure:5696: gcc -o conftest -g -O2   conftest.c  >&5
configure:5702: $? = 0
configure:5705: test -z 			 || test ! -s conftest.err
configure:5708: $? = 0
configure:5711: test -s conftest
configure:5714: $? = 0
configure:5727: result: yes
configure:5736: checking for bind_textdomain_codeset
configure:5793: gcc -o conftest -g -O2   conftest.c  >&5
configure:5799: $? = 0
configure:5802: test -z 			 || test ! -s conftest.err
configure:5805: $? = 0
configure:5808: test -s conftest
configure:5811: $? = 0
configure:5823: result: yes
configure:6327: checking for msgfmt
configure:6354: result: /usr/bin/msgfmt
configure:6367: checking for dcgettext
configure:6424: gcc -o conftest -g -O2   conftest.c   >&5
conftest.c:50: warning: conflicting types for built-in function 'dcgettext'
configure:6430: $? = 0
configure:6433: test -z 			 || test ! -s conftest.err
configure:6436: $? = 0
configure:6439: test -s conftest
configure:6442: $? = 0
configure:6454: result: yes
configure:6466: checking for gmsgfmt
configure:6497: result: /usr/bin/msgfmt
configure:6506: checking for xgettext
configure:6533: result: /usr/bin/xgettext
configure:6557: gcc -o conftest -g -O2   conftest.c   >&5
configure:6563: $? = 0
configure:6566: test -z 			 || test ! -s conftest.err
configure:6569: $? = 0
configure:6572: test -s conftest
configure:6575: $? = 0
configure:6936: creating ./config.status

## ---------------------- ##
## Running config.status. ##
## ---------------------- ##

This file was extended by config.status, which was
generated by GNU Autoconf 2.59.  Invocation command line was

  CONFIG_FILES    = 
  CONFIG_HEADERS  = 
  CONFIG_LINKS    = 
  CONFIG_COMMANDS = 
  $ ./config.status 

on avardar

config.status:754: creating Makefile
config.status:754: creating src/Makefile
config.status:754: creating po/Makefile.in
config.status:820: creating config.h
config.status:940: config.h is unchanged
config.status:1120: executing depfiles commands
config.status:1120: executing default-1 commands

## ---------------- ##
## Cache variables. ##
## ---------------- ##

ac_cv_c_compiler_gnu=yes
ac_cv_env_CC_set=
ac_cv_env_CC_value=
ac_cv_env_CFLAGS_set=
ac_cv_env_CFLAGS_value=
ac_cv_env_CPPFLAGS_set=
ac_cv_env_CPPFLAGS_value=
ac_cv_env_CPP_set=
ac_cv_env_CPP_value=
ac_cv_env_LDFLAGS_set=
ac_cv_env_LDFLAGS_value=
ac_cv_env_build_alias_set=
ac_cv_env_build_alias_value=
ac_cv_env_host_alias_set=
ac_cv_env_host_alias_value=
ac_cv_env_target_alias_set=
ac_cv_env_target_alias_value=
ac_cv_exeext=
ac_cv_func_bind_textdomain_codeset=yes
ac_cv_func_dcgettext=yes
ac_cv_header_inttypes_h=yes
ac_cv_header_libintl_h=yes
ac_cv_header_locale_h=yes
ac_cv_header_memory_h=yes
ac_cv_header_stdc=yes
ac_cv_header_stdint_h=yes
ac_cv_header_stdlib_h=yes
ac_cv_header_string_h=yes
ac_cv_header_strings_h=yes
ac_cv_header_sys_stat_h=yes
ac_cv_header_sys_types_h=yes
ac_cv_header_unistd_h=yes
ac_cv_objext=o
ac_cv_path_GMSGFMT=/usr/bin/msgfmt
ac_cv_path_MSGFMT=/usr/bin/msgfmt
ac_cv_path_PKG_CONFIG=/usr/bin/pkg-config
ac_cv_path_XGETTEXT=/usr/bin/xgettext
ac_cv_path_install='/usr/bin/ginstall -c'
ac_cv_prog_AWK=gawk
ac_cv_prog_CPP='gcc -E'
ac_cv_prog_ac_ct_CC=gcc
ac_cv_prog_cc_g=yes
ac_cv_prog_cc_stdc=
ac_cv_prog_egrep='grep -E'
ac_cv_prog_make_make_set=yes
ac_cv_search_strerror='none required'
am_cv_CC_dependencies_compiler_type=gcc3
am_cv_prog_cc_stdc=
am_cv_val_LC_MESSAGES=yes
gt_cv_func_dgettext_libc=yes
gt_cv_func_dgettext_libintl=no
gt_cv_func_ngettext_libc=yes
gt_cv_have_gettext=yes

## ----------------- ##
## Output variables. ##
## ----------------- ##

ACLOCAL='${SHELL} /Dosyalar/Programs/qvwm/qvwm-utils/qvwm-run/missing --run aclocal-1.9'
AMDEPBACKSLASH='\'
AMDEP_FALSE='#'
AMDEP_TRUE=''
AMTAR='${SHELL} /Dosyalar/Programs/qvwm/qvwm-utils/qvwm-run/missing --run tar'
AUTOCONF='${SHELL} /Dosyalar/Programs/qvwm/qvwm-utils/qvwm-run/missing --run autoconf'
AUTOHEADER='${SHELL} /Dosyalar/Programs/qvwm/qvwm-utils/qvwm-run/missing --run autoheader'
AUTOMAKE='${SHELL} /Dosyalar/Programs/qvwm/qvwm-utils/qvwm-run/missing --run automake-1.9'
AWK='gawk'
CATALOGS=''
CATOBJEXT='.gmo'
CC='gcc'
CCDEPMODE='depmode=gcc3'
CFLAGS='-g -O2'
CPP='gcc -E'
CPPFLAGS=''
CYGPATH_W='echo'
DATADIRNAME='share'
DEFS='-DHAVE_CONFIG_H'
DEPDIR='.deps'
ECHO_C=''
ECHO_N='-n'
ECHO_T=''
EGREP='grep -E'
EXEEXT=''
GETTEXT_PACKAGE='qvwm-run'
GMOFILES=''
GMSGFMT='/usr/bin/msgfmt'
INSTALL_DATA='${INSTALL} -m 644'
INSTALL_PROGRAM='${INSTALL}'
INSTALL_SCRIPT='${INSTALL}'
INSTALL_STRIP_PROGRAM='${SHELL} $(install_sh) -c -s'
INSTOBJEXT='.mo'
INTLLIBS=''
LDFLAGS=''
LIBOBJS=''
LIBS=''
LTLIBOBJS=''
MAINT='#'
MAINTAINER_MODE_FALSE=''
MAINTAINER_MODE_TRUE='#'
MAKEINFO='${SHELL} /Dosyalar/Programs/qvwm/qvwm-utils/qvwm-run/missing --run makeinfo'
MKINSTALLDIRS='./mkinstalldirs'
MSGFMT='/usr/bin/msgfmt'
OBJEXT='o'
PACKAGE='qvwm-run'
PACKAGE_BUGREPORT=''
PACKAGE_CFLAGS='-I/usr/include/gtk-2.0 -I/usr/lib/gtk-2.0/include -I/usr/include/atk-1.0 -I/usr/include/cairo -I/usr/include/pango-1.0 -I/usr/include/glib-2.0 -I/usr/lib/glib-2.0/include  '
PACKAGE_LIBS='-lgtk-x11-2.0 -lgdk-x11-2.0 -latk-1.0 -lgdk_pixbuf-2.0 -lm -lpangocairo-1.0 -lpango-1.0 -lcairo -lgobject-2.0 -lgmodule-2.0 -ldl -lglib-2.0  '
PACKAGE_NAME=''
PACKAGE_STRING=''
PACKAGE_TARNAME=''
PACKAGE_VERSION=''
PATH_SEPARATOR=':'
PKG_CONFIG='/usr/bin/pkg-config'
POFILES=''
POSUB='po'
PO_IN_DATADIR_FALSE=''
PO_IN_DATADIR_TRUE=''
SET_MAKE=''
SHELL='/bin/sh'
STRIP=''
USE_NLS='yes'
VERSION='0.1'
XGETTEXT='/usr/bin/xgettext'
ac_ct_CC='gcc'
ac_ct_STRIP=''
am__fastdepCC_FALSE='#'
am__fastdepCC_TRUE=''
am__include='include'
am__leading_dot='.'
am__quote=''
am__tar='${AMTAR} chof - "$$tardir"'
am__untar='${AMTAR} xf -'
bindir='${exec_prefix}/bin'
build_alias=''
datadir='${prefix}/share'
exec_prefix='${prefix}'
host_alias=''
includedir='${prefix}/include'
infodir='${prefix}/info'
install_sh='/Dosyalar/Programs/qvwm/qvwm-utils/qvwm-run/install-sh'
libdir='${exec_prefix}/lib'
libexecdir='${exec_prefix}/libexec'
localstatedir='${prefix}/var'
mandir='${prefix}/man'
mkdir_p='mkdir -p --'
oldincludedir='/usr/include'
prefix='/usr/local'
program_transform_name='s,x,x,'
sbindir='${exec_prefix}/sbin'
sharedstatedir='${prefix}/com'
sysconfdir='${prefix}/etc'
target_alias=''

## ----------- ##
## confdefs.h. ##
## ----------- ##

#define ENABLE_NLS 1
#define GETTEXT_PACKAGE "qvwm-run"
#define HAVE_BIND_TEXTDOMAIN_CODESET 1
#define HAVE_DCGETTEXT 1
#define HAVE_GETTEXT 1
#define HAVE_INTTYPES_H 1
#define HAVE_LC_MESSAGES 1
#define HAVE_LOCALE_H 1
#define HAVE_MEMORY_H 1
#define HAVE_STDINT_H 1
#define HAVE_STDLIB_H 1
#define HAVE_STRINGS_H 1
#define HAVE_STRING_H 1
#define HAVE_SYS_STAT_H 1
#define HAVE_SYS_TYPES_H 1
#define HAVE_UNISTD_H 1
#define PACKAGE "qvwm-run"
#define PACKAGE_BUGREPORT ""
#define PACKAGE_NAME ""
#define PACKAGE_STRING ""
#define PACKAGE_TARNAME ""
#define PACKAGE_VERSION ""
#define STDC_HEADERS 1
#define VERSION "0.1"

configure: exit 0
